Camera2Basic/app/build/intermediates/manifest_merge_blame_file/debug/manifest-merger-blame-debug-report.txt
1<?xml version="1.0" encoding="utf-8"?>
2<!--
3  ~ Copyright 2020 The Android Open Source Project
4  ~
5  ~ Licensed under the Apache License, Version 2.0 (the "License");
6  ~ you may not use this file except in compliance with the License.
7  ~ You may obtain a copy of the License at
8  ~
9  ~     https://www.apache.org/licenses/LICENSE-2.0
10  ~
11  ~ Unless required by applicable law or agreed to in writing, software
12  ~ distributed under the License is distributed on an "AS IS" BASIS,
13  ~ WITHOUT WARRANTIES OR CONDITIONS OF ANY KIND, either express or implied.
14  ~ See the License for the specific language governing permissions and
15  ~ limitations under the License.
16-->
17<manifest xmlns:android="http://schemas.android.com/apk/res/android"
18    package="com.android.example.camera2.basic"
19    android:versionCode="1"
20    android:versionName="1.0.0" >
21
22    <uses-sdk
23        android:minSdkVersion="21"
23-->src\main\AndroidManifest.xml
24        android:targetSdkVersion="29" />
24-->src\main\AndroidManifest.xml
25
26    <!-- Permission declarations -->
27    <uses-permission android:name="android.permission.CAMERA" />
27-->src\main\AndroidManifest.xml:22:5-65
27-->src\main\AndroidManifest.xml:22:22-62
28    <uses-permission android:name="android.permission.WRITE_EXTERNAL_STORAGE" />
28-->src\main\AndroidManifest.xml:23:5-80
28-->src\main\AndroidManifest.xml:23:22-78
29
30    <!-- A camera with (optional) RAW capability is required to use this application -->
31    <uses-feature android:name="android.hardware.camera.any" />
31-->src\main\AndroidManifest.xml:26:5-64
31-->src\main\AndroidManifest.xml:26:19-61
32    <uses-feature
32-->src\main\AndroidManifest.xml:27:5-89
33        android:name="android.hardware.camera.raw"
33-->src\main\AndroidManifest.xml:27:19-61
34        android:required="false" />
34-->src\main\AndroidManifest.xml:27:62-86
35
36    <application
36-->src\main\AndroidManifest.xml:29:5-48:19
37        android:allowBackup="true"
37-->src\main\AndroidManifest.xml:30:9-35
38        android:appComponentFactory="androidx.core.app.CoreComponentFactory"
38-->[androidx.core:core:1.2.0] AndroidManifest.xml:24:18-86
39        android:debuggable="true"
40        android:fullBackupContent="true"
40-->src\main\AndroidManifest.xml:31:9-41
41        android:icon="@drawable/ic_launcher"
41-->src\main\AndroidManifest.xml:33:9-45
42        android:label="@string/app_name"
42-->src\main\AndroidManifest.xml:32:9-41
43        android:testOnly="true" >
44        <activity
44-->src\main\AndroidManifest.xml:36:9-47:20
45            android:name="com.example.android.camera2.basic.CameraActivity"
45-->src\main\AndroidManifest.xml:37:13-76
46            android:clearTaskOnLaunch="true"
46-->src\main\AndroidManifest.xml:38:13-45
47            android:theme="@style/AppTheme" >
47-->src\main\AndroidManifest.xml:39:13-44
48
49            <!-- Main app intent filter -->
50            <intent-filter>
50-->src\main\AndroidManifest.xml:42:13-45:29
51                <action android:name="android.intent.action.MAIN" />
51-->src\main\AndroidManifest.xml:43:17-69
51-->src\main\AndroidManifest.xml:43:25-66
52
53                <category android:name="android.intent.category.LAUNCHER" />
53-->src\main\AndroidManifest.xml:44:17-77
53-->src\main\AndroidManifest.xml:44:27-74
54            </intent-filter>
55        </activity>
56    </application>
57
58</manifest>